# JRE version: OpenJDK Runtime Environment (11.0.8+10) (build 11.0.8+10-b944.6842174)
# Java VM: OpenJDK 64-Bit Server VM (11.0.8+10-b944.6842174, mixed mode, tiered, compressed oops, g1 gc, windows-amd64)
Heap:
 garbage-first heap   total 476160K, used 151199K [0x0000000080000000, 0x0000000100000000)
  region size 1024K, 8 young (8192K), 8 survivors (8192K)
 Metaspace       used 116074K, capacity 119113K, committed 119552K, reserved 1153024K
  class space    used 14320K, capacity 15422K, committed 15616K, reserved 1048576K
GC Heap History (20 events):
Event: 652.113 GC heap after
{Heap after GC invocations=101 (full 0):
 garbage-first heap   total 206848K, used 119563K [0x0000000080000000, 0x0000000100000000)
  region size 1024K, 4 young (4096K), 4 survivors (4096K)
 Metaspace       used 114843K, capacity 117884K, committed 118272K, reserved 1153024K
  class space    used 14283K, capacity 15368K, committed 15616K, reserved 1048576K
}
Event: 652.143 GC heap before
{Heap before GC invocations=101 (full 0):
 garbage-first heap   total 206848K, used 125707K [0x0000000080000000, 0x0000000100000000)
  region size 1024K, 10 young (10240K), 4 survivors (4096K)
 Metaspace       used 114847K, capacity 117884K, committed 118272K, reserved 1153024K
  class space    used 14283K, capacity 15368K, committed 15616K, reserved 1048576K
}
Event: 652.158 GC heap after
{Heap after GC invocations=102 (full 0):
 garbage-first heap   total 248832K, used 110139K [0x0000000080000000, 0x0000000100000000)
  region size 1024K, 1 young (1024K), 1 survivors (1024K)
 Metaspace       used 114847K, capacity 117884K, committed 118272K, reserved 1153024K
  class space    used 14283K, capacity 15368K, committed 15616K, reserved 1048576K
}
Event: 652.536 GC heap before
{Heap before GC invocations=102 (full 0):
 garbage-first heap   total 248832K, used 173627K [0x0000000080000000, 0x0000000100000000)
  region size 1024K, 63 young (64512K), 1 survivors (1024K)
 Metaspace       used 114902K, capacity 117951K, committed 118272K, reserved 1153024K
  class space    used 14284K, capacity 15369K, committed 15616K, reserved 1048576K
}
Event: 652.542 GC heap after
{Heap after GC invocations=103 (full 0):
 garbage-first heap   total 248832K, used 111869K [0x0000000080000000, 0x0000000100000000)
  region size 1024K, 3 young (3072K), 3 survivors (3072K)
 Metaspace       used 114902K, capacity 117951K, committed 118272K, reserved 1153024K
  class space    used 14284K, capacity 15369K, committed 15616K, reserved 1048576K
}
Event: 652.825 GC heap before
{Heap before GC invocations=103 (full 0):
 garbage-first heap   total 248832K, used 179453K [0x0000000080000000, 0x0000000100000000)
  region size 1024K, 70 young (71680K), 3 survivors (3072K)
 Metaspace       used 114966K, capacity 117973K, committed 118272K, reserved 1153024K
  class space    used 14288K, capacity 15376K, committed 15616K, reserved 1048576K
}
Event: 652.829 GC heap after
{Heap after GC invocations=104 (full 0):
 garbage-first heap   total 248832K, used 115859K [0x0000000080000000, 0x0000000100000000)
  region size 1024K, 7 young (7168K), 7 survivors (7168K)
 Metaspace       used 114966K, capacity 117973K, committed 118272K, reserved 1153024K
  class space    used 14288K, capacity 15376K, committed 15616K, reserved 1048576K
}
Event: 653.134 GC heap before
{Heap before GC invocations=104 (full 0):
 garbage-first heap   total 248832K, used 186515K [0x0000000080000000, 0x0000000100000000)
  region size 1024K, 77 young (78848K), 7 survivors (7168K)
 Metaspace       used 115220K, capacity 118254K, committed 118528K, reserved 1153024K
  class space    used 14297K, capacity 15382K, committed 15616K, reserved 1048576K
}
Event: 653.146 GC heap after
{Heap after GC invocations=105 (full 0):
 garbage-first heap   total 248832K, used 121746K [0x0000000080000000, 0x0000000100000000)
  region size 1024K, 10 young (10240K), 10 survivors (10240K)
 Metaspace       used 115220K, capacity 118254K, committed 118528K, reserved 1153024K
  class space    used 14297K, capacity 15382K, committed 15616K, reserved 1048576K
}
Event: 653.383 GC heap before
{Heap before GC invocations=105 (full 0):
 garbage-first heap   total 248832K, used 191378K [0x0000000080000000, 0x0000000100000000)
  region size 1024K, 79 young (80896K), 10 survivors (10240K)
 Metaspace       used 115428K, capacity 118456K, committed 118784K, reserved 1153024K
  class space    used 14297K, capacity 15382K, committed 15616K, reserved 1048576K
}
Event: 653.397 GC heap after
{Heap after GC invocations=106 (full 0):
 garbage-first heap   total 248832K, used 127952K [0x0000000080000000, 0x0000000100000000)
  region size 1024K, 9 young (9216K), 9 survivors (9216K)
 Metaspace       used 115428K, capacity 118456K, committed 118784K, reserved 1153024K
  class space    used 14297K, capacity 15382K, committed 15616K, reserved 1048576K
}
Event: 653.648 GC heap before
{Heap before GC invocations=106 (full 0):
 garbage-first heap   total 248832K, used 196560K [0x0000000080000000, 0x0000000100000000)
  region size 1024K, 76 young (77824K), 9 survivors (9216K)
 Metaspace       used 115664K, capacity 118658K, committed 119040K, reserved 1153024K
  class space    used 14298K, capacity 15383K, committed 15616K, reserved 1048576K
}
Event: 653.661 GC heap after
{Heap after GC invocations=107 (full 0):
 garbage-first heap   total 335872K, used 132512K [0x0000000080000000, 0x0000000100000000)
  region size 1024K, 7 young (7168K), 7 survivors (7168K)
 Metaspace       used 115664K, capacity 118658K, committed 119040K, reserved 1153024K
  class space    used 14298K, capacity 15383K, committed 15616K, reserved 1048576K
}
Event: 653.946 GC heap before
{Heap before GC invocations=107 (full 0):
 garbage-first heap   total 335872K, used 237984K [0x0000000080000000, 0x0000000100000000)
  region size 1024K, 111 young (113664K), 7 survivors (7168K)
 Metaspace       used 115802K, capacity 118867K, committed 119296K, reserved 1153024K
  class space    used 14300K, capacity 15385K, committed 15616K, reserved 1048576K
}
Event: 653.961 GC heap after
{Heap after GC invocations=108 (full 0):
 garbage-first heap   total 335872K, used 139935K [0x0000000080000000, 0x0000000100000000)
  region size 1024K, 14 young (14336K), 14 survivors (14336K)
 Metaspace       used 115802K, capacity 118867K, committed 119296K, reserved 1153024K
  class space    used 14300K, capacity 15385K, committed 15616K, reserved 1048576K
}
Event: 654.253 GC heap before
{Heap before GC invocations=108 (full 0):
 garbage-first heap   total 335872K, used 252575K [0x0000000080000000, 0x0000000100000000)
  region size 1024K, 124 young (126976K), 14 survivors (14336K)
 Metaspace       used 115957K, capacity 119005K, committed 119296K, reserved 1153024K
  class space    used 14310K, capacity 15386K, committed 15616K, reserved 1048576K
}
Event: 654.272 GC heap after
{Heap after GC invocations=109 (full 0):
 garbage-first heap   total 335872K, used 143997K [0x0000000080000000, 0x0000000100000000)
  region size 1024K, 5 young (5120K), 5 survivors (5120K)
 Metaspace       used 115957K, capacity 119005K, committed 119296K, reserved 1153024K
  class space    used 14310K, capacity 15386K, committed 15616K, reserved 1048576K
}
Event: 654.483 GC heap before
{Heap before GC invocations=109 (full 0):
 garbage-first heap   total 335872K, used 259709K [0x0000000080000000, 0x0000000100000000)
  region size 1024K, 118 young (120832K), 5 survivors (5120K)
 Metaspace       used 116049K, capacity 119113K, committed 119552K, reserved 1153024K
  class space    used 14320K, capacity 15422K, committed 15616K, reserved 1048576K
}
Event: 654.496 GC heap after
{Heap after GC invocations=110 (full 0):
 garbage-first heap   total 335872K, used 149538K [0x0000000080000000, 0x0000000100000000)
  region size 1024K, 10 young (10240K), 10 survivors (10240K)
 Metaspace       used 116049K, capacity 119113K, committed 119552K, reserved 1153024K
  class space    used 14320K, capacity 15422K, committed 15616K, reserved 1048576K
}
Event: 654.721 GC heap before
{Heap before GC invocations=110 (full 0):
 garbage-first heap   total 335872K, used 270370K [0x0000000080000000, 0x0000000100000000)
  region size 1024K, 128 young (131072K), 10 survivors (10240K)
 Metaspace       used 116074K, capacity 119113K, committed 119552K, reserved 1153024K
  class space    used 14320K, capacity 15422K, committed 15616K, reserved 1048576K
}

